This file contains any messages produced by compilers while
running configure, to aid debugging if configure makes a mistake.

It was created by multi2sim configure 5.0, which was
generated by GNU Autoconf 2.69.  Invocation command line was

  $ ./configure 

## --------- ##
## Platform. ##
## --------- ##

hostname = csel-x5204-14
uname -m = x86_64
uname -r = 4.4.0-47-generic
uname -s = Linux
uname -v = #68~14.04.1-Ubuntu SMP Wed Oct 26 19:42:11 UTC 2016

/usr/bin/uname -p = unknown
/bin/uname -X     = unknown

/bin/arch              = unknown
/usr/bin/arch -k       = unknown
/usr/convex/getsysinfo = unknown
/usr/bin/hostinfo      = unknown
/bin/machine           = unknown
/usr/bin/oslevel       = unknown
/bin/universe          = unknown

PATH: /soft/scheme/mit-gnu/9.2/trusty64/bin
PATH: /soft/perl5.14.1/bin
PATH: /soft/jdk1.7.0_76/bin
PATH: /usr/local/sbin
PATH: /usr/local/bin
PATH: /usr/sbin
PATH: /usr/bin
PATH: /sbin
PATH: /bin
PATH: /usr/games
PATH: /soft/netbeans-8.0.2/bin
PATH: /opt/gnu/bin
PATH: /opt/local/bin
PATH: /soft/vt-1.07
PATH: /usr/X11R6/bin
PATH: /soft/X11R6.3/bin
PATH: /soft/math8.0.1/bin


## ----------- ##
## Core tests. ##
## ----------- ##

configure:2534: checking for a BSD-compatible install
configure:2602: result: /usr/bin/install -c
configure:2613: checking whether build environment is sane
configure:2668: result: yes
configure:2819: checking for a thread-safe mkdir -p
configure:2858: result: /bin/mkdir -p
configure:2865: checking for gawk
configure:2881: found /usr/bin/gawk
configure:2892: result: gawk
configure:2903: checking whether make sets $(MAKE)
configure:2925: result: yes
configure:2954: checking whether make supports nested variables
configure:2971: result: yes
configure:3108: checking for style of include used by make
configure:3136: result: GNU
configure:3207: checking for gcc
configure:3223: found /usr/bin/gcc
configure:3234: result: gcc
configure:3463: checking for C compiler version
configure:3472: gcc --version >&5
gcc (Ubuntu 4.8.4-2ubuntu1~14.04.3) 4.8.4
Copyright (C) 2013 Free Software Foundation, Inc.
This is free software; see the source for copying conditions.  There is NO
warranty; not even for MERCHANTABILITY or FITNESS FOR A PARTICULAR PURPOSE.

configure:3483: $? = 0
configure:3472: gcc -v >&5
Using built-in specs.
COLLECT_GCC=gcc
COLLECT_LTO_WRAPPER=/usr/lib/gcc/x86_64-linux-gnu/4.8/lto-wrapper
Target: x86_64-linux-gnu
Configured with: ../src/configure -v --with-pkgversion='Ubuntu 4.8.4-2ubuntu1~14.04.3' --with-bugurl=file:///usr/share/doc/gcc-4.8/README.Bugs --enable-languages=c,c++,java,go,d,fortran,objc,obj-c++ --prefix=/usr --program-suffix=-4.8 --enable-shared --enable-linker-build-id --libexecdir=/usr/lib --without-included-gettext --enable-threads=posix --with-gxx-include-dir=/usr/include/c++/4.8 --libdir=/usr/lib --enable-nls --with-sysroot=/ --enable-clocale=gnu --enable-libstdcxx-debug --enable-libstdcxx-time=yes --enable-gnu-unique-object --disable-libmudflap --enable-plugin --with-system-zlib --disable-browser-plugin --enable-java-awt=gtk --enable-gtk-cairo --with-java-home=/usr/lib/jvm/java-1.5.0-gcj-4.8-amd64/jre --enable-java-home --with-jvm-root-dir=/usr/lib/jvm/java-1.5.0-gcj-4.8-amd64 --with-jvm-jar-dir=/usr/lib/jvm-exports/java-1.5.0-gcj-4.8-amd64 --with-arch-directory=amd64 --with-ecj-jar=/usr/share/java/eclipse-ecj.jar --enable-objc-gc --enable-multiarch --disable-werror --with-arch-32=i686 --with-abi=m64 --with-multilib-list=m32,m64,mx32 --with-tune=generic --enable-checking=release --build=x86_64-linux-gnu --host=x86_64-linux-gnu --target=x86_64-linux-gnu
Thread model: posix
gcc version 4.8.4 (Ubuntu 4.8.4-2ubuntu1~14.04.3) 
configure:3483: $? = 0
configure:3472: gcc -V >&5
gcc: error: unrecognized command line option '-V'
gcc: fatal error: no input files
compilation terminated.
configure:3483: $? = 4
configure:3472: gcc -qversion >&5
gcc: error: unrecognized command line option '-qversion'
gcc: fatal error: no input files
compilation terminated.
configure:3483: $? = 4
configure:3503: checking whether the C compiler works
configure:3525: gcc    conftest.c  >&5
configure:3529: $? = 0
configure:3577: result: yes
configure:3580: checking for C compiler default output file name
configure:3582: result: a.out
configure:3588: checking for suffix of executables
configure:3595: gcc -o conftest    conftest.c  >&5
configure:3599: $? = 0
configure:3621: result: 
configure:3643: checking whether we are cross compiling
configure:3651: gcc -o conftest    conftest.c  >&5
configure:3655: $? = 0
configure:3662: ./conftest
configure:3666: $? = 0
configure:3681: result: no
configure:3686: checking for suffix of object files
configure:3708: gcc -c   conftest.c >&5
configure:3712: $? = 0
configure:3733: result: o
configure:3737: checking whether we are using the GNU C compiler
configure:3756: gcc -c   conftest.c >&5
configure:3756: $? = 0
configure:3765: result: yes
configure:3774: checking whether gcc accepts -g
configure:3794: gcc -c -g  conftest.c >&5
configure:3794: $? = 0
configure:3835: result: yes
configure:3852: checking for gcc option to accept ISO C89
configure:3915: gcc  -c -g -O2  conftest.c >&5
configure:3915: $? = 0
configure:3928: result: none needed
configure:3953: checking whether gcc understands -c and -o together
configure:3975: gcc -c conftest.c -o conftest2.o
configure:3978: $? = 0
configure:3975: gcc -c conftest.c -o conftest2.o
configure:3978: $? = 0
configure:3990: result: yes
configure:4009: checking dependency style of gcc
configure:4120: result: gcc3
configure:4144: checking dependency style of gcc
configure:4253: result: gcc3
configure:4380: checking for C compiler version
configure:4389: gcc --version >&5
gcc (Ubuntu 4.8.4-2ubuntu1~14.04.3) 4.8.4
Copyright (C) 2013 Free Software Foundation, Inc.
This is free software; see the source for copying conditions.  There is NO
warranty; not even for MERCHANTABILITY or FITNESS FOR A PARTICULAR PURPOSE.

configure:4400: $? = 0
configure:4389: gcc -v >&5
Using built-in specs.
COLLECT_GCC=gcc
COLLECT_LTO_WRAPPER=/usr/lib/gcc/x86_64-linux-gnu/4.8/lto-wrapper
Target: x86_64-linux-gnu
Configured with: ../src/configure -v --with-pkgversion='Ubuntu 4.8.4-2ubuntu1~14.04.3' --with-bugurl=file:///usr/share/doc/gcc-4.8/README.Bugs --enable-languages=c,c++,java,go,d,fortran,objc,obj-c++ --prefix=/usr --program-suffix=-4.8 --enable-shared --enable-linker-build-id --libexecdir=/usr/lib --without-included-gettext --enable-threads=posix --with-gxx-include-dir=/usr/include/c++/4.8 --libdir=/usr/lib --enable-nls --with-sysroot=/ --enable-clocale=gnu --enable-libstdcxx-debug --enable-libstdcxx-time=yes --enable-gnu-unique-object --disable-libmudflap --enable-plugin --with-system-zlib --disable-browser-plugin --enable-java-awt=gtk --enable-gtk-cairo --with-java-home=/usr/lib/jvm/java-1.5.0-gcj-4.8-amd64/jre --enable-java-home --with-jvm-root-dir=/usr/lib/jvm/java-1.5.0-gcj-4.8-amd64 --with-jvm-jar-dir=/usr/lib/jvm-exports/java-1.5.0-gcj-4.8-amd64 --with-arch-directory=amd64 --with-ecj-jar=/usr/share/java/eclipse-ecj.jar --enable-objc-gc --enable-multiarch --disable-werror --with-arch-32=i686 --with-abi=m64 --with-multilib-list=m32,m64,mx32 --with-tune=generic --enable-checking=release --build=x86_64-linux-gnu --host=x86_64-linux-gnu --target=x86_64-linux-gnu
Thread model: posix
gcc version 4.8.4 (Ubuntu 4.8.4-2ubuntu1~14.04.3) 
configure:4400: $? = 0
configure:4389: gcc -V >&5
gcc: error: unrecognized command line option '-V'
gcc: fatal error: no input files
compilation terminated.
configure:4400: $? = 4
configure:4389: gcc -qversion >&5
gcc: error: unrecognized command line option '-qversion'
gcc: fatal error: no input files
compilation terminated.
configure:4400: $? = 4
configure:4404: checking whether we are using the GNU C compiler
configure:4432: result: yes
configure:4441: checking whether gcc accepts -g
configure:4502: result: yes
configure:4519: checking for gcc option to accept ISO C89
configure:4595: result: none needed
configure:4620: checking whether gcc understands -c and -o together
configure:4657: result: yes
configure:4676: checking dependency style of gcc
configure:4787: result: gcc3
configure:4816: checking whether make supports nested variables
configure:4833: result: yes
configure:4875: checking build system type
configure:4889: result: x86_64-unknown-linux-gnu
configure:4909: checking host system type
configure:4922: result: x86_64-unknown-linux-gnu
configure:4963: checking how to print strings
configure:4990: result: printf
configure:5011: checking for a sed that does not truncate output
configure:5075: result: /bin/sed
configure:5093: checking for grep that handles long lines and -e
configure:5151: result: /bin/grep
configure:5156: checking for egrep
configure:5218: result: /bin/grep -E
configure:5223: checking for fgrep
configure:5285: result: /bin/grep -F
configure:5320: checking for ld used by gcc
configure:5387: result: /usr/bin/ld
configure:5394: checking if the linker (/usr/bin/ld) is GNU ld
configure:5409: result: yes
configure:5421: checking for BSD- or MS-compatible name lister (nm)
configure:5470: result: /usr/bin/nm -B
configure:5600: checking the name lister (/usr/bin/nm -B) interface
configure:5607: gcc -c -g -O2  conftest.c >&5
configure:5610: /usr/bin/nm -B "conftest.o"
configure:5613: output
0000000000000000 B some_variable
configure:5620: result: BSD nm
configure:5623: checking whether ln -s works
configure:5627: result: yes
configure:5635: checking the maximum length of command line arguments
configure:5766: result: 1572864
configure:5783: checking whether the shell understands some XSI constructs
configure:5793: result: yes
configure:5797: checking whether the shell understands "+="
configure:5803: result: yes
configure:5838: checking how to convert x86_64-unknown-linux-gnu file names to x86_64-unknown-linux-gnu format
configure:5878: result: func_convert_file_noop
configure:5885: checking how to convert x86_64-unknown-linux-gnu file names to toolchain format
configure:5905: result: func_convert_file_noop
configure:5912: checking for /usr/bin/ld option to reload object files
configure:5919: result: -r
configure:5993: checking for objdump
configure:6009: found /usr/bin/objdump
configure:6020: result: objdump
configure:6052: checking how to recognize dependent libraries
configure:6250: result: pass_all
configure:6335: checking for dlltool
configure:6365: result: no
configure:6395: checking how to associate runtime and link libraries
configure:6422: result: printf %s\n
configure:6483: checking for ar
configure:6499: found /usr/bin/ar
configure:6510: result: ar
configure:6547: checking for archiver @FILE support
configure:6564: gcc -c -g -O2  conftest.c >&5
configure:6564: $? = 0
configure:6567: ar cru libconftest.a @conftest.lst >&5
configure:6570: $? = 0
configure:6575: ar cru libconftest.a @conftest.lst >&5
ar: conftest.o: No such file or directory
configure:6578: $? = 1
configure:6590: result: @
configure:6648: checking for strip
configure:6664: found /usr/bin/strip
configure:6675: result: strip
configure:6747: checking for ranlib
configure:6763: found /usr/bin/ranlib
configure:6774: result: ranlib
configure:6876: checking command to parse /usr/bin/nm -B output from gcc object
configure:6996: gcc -c -g -O2  conftest.c >&5
configure:6999: $? = 0
configure:7003: /usr/bin/nm -B conftest.o \| sed -n -e 's/^.*[ ]\([ABCDGIRSTW][ABCDGIRSTW]*\)[ ][ ]*\([_A-Za-z][_A-Za-z0-9]*\)$/\1 \2 \2/p' | sed '/ __gnu_lto/d' \> conftest.nm
configure:7006: $? = 0
configure:7072: gcc -o conftest -g -O2   conftest.c conftstm.o >&5
configure:7075: $? = 0
configure:7113: result: ok
configure:7150: checking for sysroot
configure:7180: result: no
configure:7257: gcc -c -g -O2  conftest.c >&5
configure:7260: $? = 0
configure:7449: checking for mt
configure:7465: found /bin/mt
configure:7476: result: mt
configure:7499: checking if mt is a manifest tool
configure:7505: mt '-?'
configure:7513: result: no
configure:8155: checking how to run the C preprocessor
configure:8186: gcc -E  conftest.c
configure:8186: $? = 0
configure:8200: gcc -E  conftest.c
conftest.c:11:28: fatal error: ac_nonexistent.h: No such file or directory
 #include <ac_nonexistent.h>
                            ^
compilation terminated.
configure:8200: $? = 1
configure: failed program was:
| /* confdefs.h */
| #define PACKAGE_NAME "multi2sim"
| #define PACKAGE_TARNAME "multi2sim"
| #define PACKAGE_VERSION "5.0"
| #define PACKAGE_STRING "multi2sim 5.0"
| #define PACKAGE_BUGREPORT ""
| #define PACKAGE_URL ""
| #define PACKAGE "multi2sim"
| #define VERSION "5.0"
| /* end confdefs.h.  */
| #include <ac_nonexistent.h>
configure:8225: result: gcc -E
configure:8245: gcc -E  conftest.c
configure:8245: $? = 0
configure:8259: gcc -E  conftest.c
conftest.c:11:28: fatal error: ac_nonexistent.h: No such file or directory
 #include <ac_nonexistent.h>
                            ^
compilation terminated.
configure:8259: $? = 1
configure: failed program was:
| /* confdefs.h */
| #define PACKAGE_NAME "multi2sim"
| #define PACKAGE_TARNAME "multi2sim"
| #define PACKAGE_VERSION "5.0"
| #define PACKAGE_STRING "multi2sim 5.0"
| #define PACKAGE_BUGREPORT ""
| #define PACKAGE_URL ""
| #define PACKAGE "multi2sim"
| #define VERSION "5.0"
| /* end confdefs.h.  */
| #include <ac_nonexistent.h>
configure:8288: checking for ANSI C header files
configure:8308: gcc -c -g -O2  conftest.c >&5
configure:8308: $? = 0
configure:8381: gcc -o conftest -g -O2   conftest.c  >&5
configure:8381: $? = 0
configure:8381: ./conftest
configure:8381: $? = 0
configure:8392: result: yes
configure:8405: checking for sys/types.h
configure:8405: gcc -c -g -O2  conftest.c >&5
configure:8405: $? = 0
configure:8405: result: yes
configure:8405: checking for sys/stat.h
configure:8405: gcc -c -g -O2  conftest.c >&5
configure:8405: $? = 0
configure:8405: result: yes
configure:8405: checking for stdlib.h
configure:8405: gcc -c -g -O2  conftest.c >&5
configure:8405: $? = 0
configure:8405: result: yes
configure:8405: checking for string.h
configure:8405: gcc -c -g -O2  conftest.c >&5
configure:8405: $? = 0
configure:8405: result: yes
configure:8405: checking for memory.h
configure:8405: gcc -c -g -O2  conftest.c >&5
configure:8405: $? = 0
configure:8405: result: yes
configure:8405: checking for strings.h
configure:8405: gcc -c -g -O2  conftest.c >&5
configure:8405: $? = 0
configure:8405: result: yes
configure:8405: checking for inttypes.h
configure:8405: gcc -c -g -O2  conftest.c >&5
configure:8405: $? = 0
configure:8405: result: yes
configure:8405: checking for stdint.h
configure:8405: gcc -c -g -O2  conftest.c >&5
configure:8405: $? = 0
configure:8405: result: yes
configure:8405: checking for unistd.h
configure:8405: gcc -c -g -O2  conftest.c >&5
configure:8405: $? = 0
configure:8405: result: yes
configure:8419: checking for dlfcn.h
configure:8419: gcc -c -g -O2  conftest.c >&5
configure:8419: $? = 0
configure:8419: result: yes
configure:8625: checking for objdir
configure:8640: result: .libs
configure:8911: checking if gcc supports -fno-rtti -fno-exceptions
configure:8929: gcc -c -g -O2  -fno-rtti -fno-exceptions conftest.c >&5
cc1: warning: command line option '-fno-rtti' is valid for C++/ObjC++ but not for C [enabled by default]
configure:8933: $? = 0
configure:8946: result: no
configure:9273: checking for gcc option to produce PIC
configure:9280: result: -fPIC -DPIC
configure:9288: checking if gcc PIC flag -fPIC -DPIC works
configure:9306: gcc -c -g -O2  -fPIC -DPIC -DPIC conftest.c >&5
configure:9310: $? = 0
configure:9323: result: yes
configure:9352: checking if gcc static flag -static works
configure:9380: result: yes
configure:9395: checking if gcc supports -c -o file.o
configure:9416: gcc -c -g -O2  -o out/conftest2.o conftest.c >&5
configure:9420: $? = 0
configure:9442: result: yes
configure:9450: checking if gcc supports -c -o file.o
configure:9497: result: yes
configure:9530: checking whether the gcc linker (/usr/bin/ld -m elf_x86_64) supports shared libraries
configure:10687: result: yes
configure:10724: checking whether -lc should be explicitly linked in
configure:10732: gcc -c -g -O2  conftest.c >&5
configure:10735: $? = 0
configure:10750: gcc -shared  -fPIC -DPIC conftest.o  -v -Wl,-soname -Wl,conftest -o conftest 2\>\&1 \| /bin/grep  -lc  \>/dev/null 2\>\&1
configure:10753: $? = 0
configure:10767: result: no
configure:10927: checking dynamic linker characteristics
configure:11427: gcc -o conftest -g -O2   -Wl,-rpath -Wl,/foo conftest.c  >&5
configure:11427: $? = 0
configure:11661: result: GNU/Linux ld.so
configure:11768: checking how to hardcode library paths into programs
configure:11793: result: immediate
configure:12333: checking whether stripping libraries is possible
configure:12338: result: yes
configure:12373: checking if libtool supports shared libraries
configure:12375: result: yes
configure:12378: checking whether to build shared libraries
configure:12399: result: yes
configure:12402: checking whether to build static libraries
configure:12406: result: yes
configure:12446: checking for ANSI C header files
configure:12550: result: yes
configure:12558: checking for sys/wait.h that is POSIX.1 compatible
configure:12584: gcc -c -g -O2  conftest.c >&5
configure:12584: $? = 0
configure:12591: result: yes
configure:12602: checking fcntl.h usability
configure:12602: gcc -c -g -O2  conftest.c >&5
configure:12602: $? = 0
configure:12602: result: yes
configure:12602: checking fcntl.h presence
configure:12602: gcc -E  conftest.c
configure:12602: $? = 0
configure:12602: result: yes
configure:12602: checking for fcntl.h
configure:12602: result: yes
configure:12602: checking float.h usability
configure:12602: gcc -c -g -O2  conftest.c >&5
configure:12602: $? = 0
configure:12602: result: yes
configure:12602: checking float.h presence
configure:12602: gcc -E  conftest.c
configure:12602: $? = 0
configure:12602: result: yes
configure:12602: checking for float.h
configure:12602: result: yes
configure:12602: checking stddef.h usability
configure:12602: gcc -c -g -O2  conftest.c >&5
configure:12602: $? = 0
configure:12602: result: yes
configure:12602: checking stddef.h presence
configure:12602: gcc -E  conftest.c
configure:12602: $? = 0
configure:12602: result: yes
configure:12602: checking for stddef.h
configure:12602: result: yes
configure:12602: checking for stdint.h
configure:12602: result: yes
configure:12602: checking for stdlib.h
configure:12602: result: yes
configure:12602: checking for string.h
configure:12602: result: yes
configure:12602: checking sys/ioctl.h usability
configure:12602: gcc -c -g -O2  conftest.c >&5
configure:12602: $? = 0
configure:12602: result: yes
configure:12602: checking sys/ioctl.h presence
configure:12602: gcc -E  conftest.c
configure:12602: $? = 0
configure:12602: result: yes
configure:12602: checking for sys/ioctl.h
configure:12602: result: yes
configure:12602: checking sys/socket.h usability
configure:12602: gcc -c -g -O2  conftest.c >&5
configure:12602: $? = 0
configure:12602: result: yes
configure:12602: checking sys/socket.h presence
configure:12602: gcc -E  conftest.c
configure:12602: $? = 0
configure:12602: result: yes
configure:12602: checking for sys/socket.h
configure:12602: result: yes
configure:12602: checking sys/time.h usability
configure:12602: gcc -c -g -O2  conftest.c >&5
configure:12602: $? = 0
configure:12602: result: yes
configure:12602: checking sys/time.h presence
configure:12602: gcc -E  conftest.c
configure:12602: $? = 0
configure:12602: result: yes
configure:12602: checking for sys/time.h
configure:12602: result: yes
configure:12602: checking for unistd.h
configure:12602: result: yes
configure:12602: checking utime.h usability
configure:12602: gcc -c -g -O2  conftest.c >&5
configure:12602: $? = 0
configure:12602: result: yes
configure:12602: checking utime.h presence
configure:12602: gcc -E  conftest.c
configure:12602: $? = 0
configure:12602: result: yes
configure:12602: checking for utime.h
configure:12602: result: yes
configure:12612: checking elf.h usability
configure:12612: gcc -c -g -O2  conftest.c >&5
configure:12612: $? = 0
configure:12612: result: yes
configure:12612: checking elf.h presence
configure:12612: gcc -E  conftest.c
configure:12612: $? = 0
configure:12612: result: yes
configure:12612: checking for elf.h
configure:12612: result: yes
configure:12623: checking for off_t
configure:12623: gcc -c -g -O2  conftest.c >&5
configure:12623: $? = 0
configure:12623: gcc -c -g -O2  conftest.c >&5
conftest.c: In function 'main':
conftest.c:73:20: error: expected expression before ')' token
 if (sizeof ((off_t)))
                    ^
configure:12623: $? = 1
configure: failed program was:
| /* confdefs.h */
| #define PACKAGE_NAME "multi2sim"
| #define PACKAGE_TARNAME "multi2sim"
| #define PACKAGE_VERSION "5.0"
| #define PACKAGE_STRING "multi2sim 5.0"
| #define PACKAGE_BUGREPORT ""
| #define PACKAGE_URL ""
| #define PACKAGE "multi2sim"
| #define VERSION "5.0"
| #define STDC_HEADERS 1
| #define HAVE_SYS_TYPES_H 1
| #define HAVE_SYS_STAT_H 1
| #define HAVE_STDLIB_H 1
| #define HAVE_STRING_H 1
| #define HAVE_MEMORY_H 1
| #define HAVE_STRINGS_H 1
| #define HAVE_INTTYPES_H 1
| #define HAVE_STDINT_H 1
| #define HAVE_UNISTD_H 1
| #define HAVE_DLFCN_H 1
| #define LT_OBJDIR ".libs/"
| #define STDC_HEADERS 1
| #define HAVE_SYS_WAIT_H 1
| #define HAVE_FCNTL_H 1
| #define HAVE_FLOAT_H 1
| #define HAVE_STDDEF_H 1
| #define HAVE_STDINT_H 1
| #define HAVE_STDLIB_H 1
| #define HAVE_STRING_H 1
| #define HAVE_SYS_IOCTL_H 1
| #define HAVE_SYS_SOCKET_H 1
| #define HAVE_SYS_TIME_H 1
| #define HAVE_UNISTD_H 1
| #define HAVE_UTIME_H 1
| #define HAVE_ELF_H 1
| /* end confdefs.h.  */
| #include <stdio.h>
| #ifdef HAVE_SYS_TYPES_H
| # include <sys/types.h>
| #endif
| #ifdef HAVE_SYS_STAT_H
| # include <sys/stat.h>
| #endif
| #ifdef STDC_HEADERS
| # include <stdlib.h>
| # include <stddef.h>
| #else
| # ifdef HAVE_STDLIB_H
| #  include <stdlib.h>
| # endif
| #endif
| #ifdef HAVE_STRING_H
| # if !defined STDC_HEADERS && defined HAVE_MEMORY_H
| #  include <memory.h>
| # endif
| # include <string.h>
| #endif
| #ifdef HAVE_STRINGS_H
| # include <strings.h>
| #endif
| #ifdef HAVE_INTTYPES_H
| # include <inttypes.h>
| #endif
| #ifdef HAVE_STDINT_H
| # include <stdint.h>
| #endif
| #ifdef HAVE_UNISTD_H
| # include <unistd.h>
| #endif
| int
| main ()
| {
| if (sizeof ((off_t)))
| 	    return 0;
|   ;
|   return 0;
| }
configure:12623: result: yes
configure:12634: checking for size_t
configure:12634: gcc -c -g -O2  conftest.c >&5
configure:12634: $? = 0
configure:12634: gcc -c -g -O2  conftest.c >&5
conftest.c: In function 'main':
conftest.c:73:21: error: expected expression before ')' token
 if (sizeof ((size_t)))
                     ^
configure:12634: $? = 1
configure: failed program was:
| /* confdefs.h */
| #define PACKAGE_NAME "multi2sim"
| #define PACKAGE_TARNAME "multi2sim"
| #define PACKAGE_VERSION "5.0"
| #define PACKAGE_STRING "multi2sim 5.0"
| #define PACKAGE_BUGREPORT ""
| #define PACKAGE_URL ""
| #define PACKAGE "multi2sim"
| #define VERSION "5.0"
| #define STDC_HEADERS 1
| #define HAVE_SYS_TYPES_H 1
| #define HAVE_SYS_STAT_H 1
| #define HAVE_STDLIB_H 1
| #define HAVE_STRING_H 1
| #define HAVE_MEMORY_H 1
| #define HAVE_STRINGS_H 1
| #define HAVE_INTTYPES_H 1
| #define HAVE_STDINT_H 1
| #define HAVE_UNISTD_H 1
| #define HAVE_DLFCN_H 1
| #define LT_OBJDIR ".libs/"
| #define STDC_HEADERS 1
| #define HAVE_SYS_WAIT_H 1
| #define HAVE_FCNTL_H 1
| #define HAVE_FLOAT_H 1
| #define HAVE_STDDEF_H 1
| #define HAVE_STDINT_H 1
| #define HAVE_STDLIB_H 1
| #define HAVE_STRING_H 1
| #define HAVE_SYS_IOCTL_H 1
| #define HAVE_SYS_SOCKET_H 1
| #define HAVE_SYS_TIME_H 1
| #define HAVE_UNISTD_H 1
| #define HAVE_UTIME_H 1
| #define HAVE_ELF_H 1
| /* end confdefs.h.  */
| #include <stdio.h>
| #ifdef HAVE_SYS_TYPES_H
| # include <sys/types.h>
| #endif
| #ifdef HAVE_SYS_STAT_H
| # include <sys/stat.h>
| #endif
| #ifdef STDC_HEADERS
| # include <stdlib.h>
| # include <stddef.h>
| #else
| # ifdef HAVE_STDLIB_H
| #  include <stdlib.h>
| # endif
| #endif
| #ifdef HAVE_STRING_H
| # if !defined STDC_HEADERS && defined HAVE_MEMORY_H
| #  include <memory.h>
| # endif
| # include <string.h>
| #endif
| #ifdef HAVE_STRINGS_H
| # include <strings.h>
| #endif
| #ifdef HAVE_INTTYPES_H
| # include <inttypes.h>
| #endif
| #ifdef HAVE_STDINT_H
| # include <stdint.h>
| #endif
| #ifdef HAVE_UNISTD_H
| # include <unistd.h>
| #endif
| int
| main ()
| {
| if (sizeof ((size_t)))
| 	    return 0;
|   ;
|   return 0;
| }
configure:12634: result: yes
configure:12645: checking for struct stat.st_blksize
configure:12645: gcc -c -g -O2  conftest.c >&5
configure:12645: $? = 0
configure:12645: result: yes
configure:12655: checking for struct stat.st_blocks
configure:12655: gcc -c -g -O2  conftest.c >&5
configure:12655: $? = 0
configure:12655: result: yes
configure:12675: checking for struct stat.st_rdev
configure:12675: gcc -c -g -O2  conftest.c >&5
configure:12675: $? = 0
configure:12675: result: yes
configure:12688: checking for uid_t in sys/types.h
configure:12707: result: yes
configure:12720: checking for unistd.h
configure:12720: result: yes
configure:12730: checking for working chown
configure:12763: gcc -o conftest -g -O2   conftest.c  >&5
configure:12763: $? = 0
configure:12763: ./conftest
configure:12763: $? = 0
configure:12775: result: yes
configure:12783: checking for error_at_line
configure:12799: gcc -o conftest -g -O2   conftest.c  >&5
configure:12799: $? = 0
configure:12807: result: yes
configure:12818: checking whether lstat correctly handles trailing slash
configure:12844: gcc -o conftest -g -O2   conftest.c  >&5
configure:12844: $? = 0
configure:12844: ./conftest
configure:12844: $? = 0
configure:12861: result: yes
configure:12882: checking for stdlib.h
configure:12882: result: yes
configure:12892: checking for GNU libc compatible malloc
configure:12916: gcc -o conftest -g -O2   conftest.c  >&5
configure:12916: $? = 0
configure:12916: ./conftest
configure:12916: $? = 0
configure:12926: result: yes
configure:12953: checking for stdlib.h
configure:12953: result: yes
configure:12953: checking for unistd.h
configure:12953: result: yes
configure:12953: checking for sys/param.h
configure:12953: gcc -c -g -O2  conftest.c >&5
configure:12953: $? = 0
configure:12953: result: yes
configure:12973: checking for getpagesize
configure:12973: gcc -o conftest -g -O2   conftest.c  >&5
configure:12973: $? = 0
configure:12973: result: yes
configure:12982: checking for working mmap
configure:13129: gcc -o conftest -g -O2   conftest.c  >&5
configure:13129: $? = 0
configure:13129: ./conftest
configure:13129: $? = 0
configure:13139: result: yes
configure:13150: checking for stdlib.h
configure:13150: result: yes
configure:13160: checking for GNU libc compatible realloc
configure:13184: gcc -o conftest -g -O2   conftest.c  >&5
configure:13184: $? = 0
configure:13184: ./conftest
configure:13184: $? = 0
configure:13194: result: yes
configure:13218: checking for alarm
configure:13218: gcc -o conftest -g -O2   conftest.c  >&5
configure:13218: $? = 0
configure:13218: result: yes
configure:13218: checking for bzero
configure:13218: gcc -o conftest -g -O2   conftest.c  >&5
conftest.c:77:6: warning: conflicting types for built-in function 'bzero' [enabled by default]
 char bzero ();
      ^
configure:13218: $? = 0
configure:13218: result: yes
configure:13218: checking for ftruncate
configure:13218: gcc -o conftest -g -O2   conftest.c  >&5
configure:13218: $? = 0
configure:13218: result: yes
configure:13218: checking for getcwd
configure:13218: gcc -o conftest -g -O2   conftest.c  >&5
configure:13218: $? = 0
configure:13218: result: yes
configure:13218: checking for gettimeofday
configure:13218: gcc -o conftest -g -O2   conftest.c  >&5
configure:13218: $? = 0
configure:13218: result: yes
configure:13218: checking for memset
configure:13218: gcc -o conftest -g -O2   conftest.c  >&5
conftest.c:81:6: warning: conflicting types for built-in function 'memset' [enabled by default]
 char memset ();
      ^
configure:13218: $? = 0
configure:13218: result: yes
configure:13218: checking for mkdir
configure:13218: gcc -o conftest -g -O2   conftest.c  >&5
configure:13218: $? = 0
configure:13218: result: yes
configure:13218: checking for munmap
configure:13218: gcc -o conftest -g -O2   conftest.c  >&5
configure:13218: $? = 0
configure:13218: result: yes
configure:13218: checking for select
configure:13218: gcc -o conftest -g -O2   conftest.c  >&5
configure:13218: $? = 0
configure:13218: result: yes
configure:13218: checking for socket
configure:13218: gcc -o conftest -g -O2   conftest.c  >&5
configure:13218: $? = 0
configure:13218: result: yes
configure:13218: checking for strcasecmp
configure:13218: gcc -o conftest -g -O2   conftest.c  >&5
conftest.c:86:6: warning: conflicting types for built-in function 'strcasecmp' [enabled by default]
 char strcasecmp ();
      ^
configure:13218: $? = 0
configure:13218: result: yes
configure:13218: checking for strchr
configure:13218: gcc -o conftest -g -O2   conftest.c  >&5
conftest.c:87:6: warning: conflicting types for built-in function 'strchr' [enabled by default]
 char strchr ();
      ^
configure:13218: $? = 0
configure:13218: result: yes
configure:13218: checking for strdup
configure:13218: gcc -o conftest -g -O2   conftest.c  >&5
conftest.c:88:6: warning: conflicting types for built-in function 'strdup' [enabled by default]
 char strdup ();
      ^
configure:13218: $? = 0
configure:13218: result: yes
configure:13218: checking for strncasecmp
configure:13218: gcc -o conftest -g -O2   conftest.c  >&5
conftest.c:89:6: warning: conflicting types for built-in function 'strncasecmp' [enabled by default]
 char strncasecmp ();
      ^
configure:13218: $? = 0
configure:13218: result: yes
configure:13218: checking for strtol
configure:13218: gcc -o conftest -g -O2   conftest.c  >&5
configure:13218: $? = 0
configure:13218: result: yes
configure:13218: checking for utime
configure:13218: gcc -o conftest -g -O2   conftest.c  >&5
configure:13218: $? = 0
configure:13218: result: yes
configure:13308: checking for g++
configure:13324: found /usr/bin/g++
configure:13335: result: g++
configure:13362: checking for C++ compiler version
configure:13371: g++ --version >&5
g++ (Ubuntu 4.8.4-2ubuntu1~14.04.3) 4.8.4
Copyright (C) 2013 Free Software Foundation, Inc.
This is free software; see the source for copying conditions.  There is NO
warranty; not even for MERCHANTABILITY or FITNESS FOR A PARTICULAR PURPOSE.

configure:13382: $? = 0
configure:13371: g++ -v >&5
Using built-in specs.
COLLECT_GCC=g++
COLLECT_LTO_WRAPPER=/usr/lib/gcc/x86_64-linux-gnu/4.8/lto-wrapper
Target: x86_64-linux-gnu
Configured with: ../src/configure -v --with-pkgversion='Ubuntu 4.8.4-2ubuntu1~14.04.3' --with-bugurl=file:///usr/share/doc/gcc-4.8/README.Bugs --enable-languages=c,c++,java,go,d,fortran,objc,obj-c++ --prefix=/usr --program-suffix=-4.8 --enable-shared --enable-linker-build-id --libexecdir=/usr/lib --without-included-gettext --enable-threads=posix --with-gxx-include-dir=/usr/include/c++/4.8 --libdir=/usr/lib --enable-nls --with-sysroot=/ --enable-clocale=gnu --enable-libstdcxx-debug --enable-libstdcxx-time=yes --enable-gnu-unique-object --disable-libmudflap --enable-plugin --with-system-zlib --disable-browser-plugin --enable-java-awt=gtk --enable-gtk-cairo --with-java-home=/usr/lib/jvm/java-1.5.0-gcj-4.8-amd64/jre --enable-java-home --with-jvm-root-dir=/usr/lib/jvm/java-1.5.0-gcj-4.8-amd64 --with-jvm-jar-dir=/usr/lib/jvm-exports/java-1.5.0-gcj-4.8-amd64 --with-arch-directory=amd64 --with-ecj-jar=/usr/share/java/eclipse-ecj.jar --enable-objc-gc --enable-multiarch --disable-werror --with-arch-32=i686 --with-abi=m64 --with-multilib-list=m32,m64,mx32 --with-tune=generic --enable-checking=release --build=x86_64-linux-gnu --host=x86_64-linux-gnu --target=x86_64-linux-gnu
Thread model: posix
gcc version 4.8.4 (Ubuntu 4.8.4-2ubuntu1~14.04.3) 
configure:13382: $? = 0
configure:13371: g++ -V >&5
g++: error: unrecognized command line option '-V'
g++: fatal error: no input files
compilation terminated.
configure:13382: $? = 4
configure:13371: g++ -qversion >&5
g++: error: unrecognized command line option '-qversion'
g++: fatal error: no input files
compilation terminated.
configure:13382: $? = 4
configure:13386: checking whether we are using the GNU C++ compiler
configure:13405: g++ -c   conftest.cpp >&5
configure:13405: $? = 0
configure:13414: result: yes
configure:13423: checking whether g++ accepts -g
configure:13443: g++ -c -g  conftest.cpp >&5
configure:13443: $? = 0
configure:13484: result: yes
configure:13509: checking dependency style of g++
configure:13620: result: gcc3
configure:13653: checking how to run the C++ preprocessor
configure:13680: g++ -E  conftest.cpp
configure:13680: $? = 0
configure:13694: g++ -E  conftest.cpp
conftest.cpp:69:28: fatal error: ac_nonexistent.h: No such file or directory
 #include <ac_nonexistent.h>
                            ^
compilation terminated.
configure:13694: $? = 1
configure: failed program was:
| /* confdefs.h */
| #define PACKAGE_NAME "multi2sim"
| #define PACKAGE_TARNAME "multi2sim"
| #define PACKAGE_VERSION "5.0"
| #define PACKAGE_STRING "multi2sim 5.0"
| #define PACKAGE_BUGREPORT ""
| #define PACKAGE_URL ""
| #define PACKAGE "multi2sim"
| #define VERSION "5.0"
| #define STDC_HEADERS 1
| #define HAVE_SYS_TYPES_H 1
| #define HAVE_SYS_STAT_H 1
| #define HAVE_STDLIB_H 1
| #define HAVE_STRING_H 1
| #define HAVE_MEMORY_H 1
| #define HAVE_STRINGS_H 1
| #define HAVE_INTTYPES_H 1
| #define HAVE_STDINT_H 1
| #define HAVE_UNISTD_H 1
| #define HAVE_DLFCN_H 1
| #define LT_OBJDIR ".libs/"
| #define STDC_HEADERS 1
| #define HAVE_SYS_WAIT_H 1
| #define HAVE_FCNTL_H 1
| #define HAVE_FLOAT_H 1
| #define HAVE_STDDEF_H 1
| #define HAVE_STDINT_H 1
| #define HAVE_STDLIB_H 1
| #define HAVE_STRING_H 1
| #define HAVE_SYS_IOCTL_H 1
| #define HAVE_SYS_SOCKET_H 1
| #define HAVE_SYS_TIME_H 1
| #define HAVE_UNISTD_H 1
| #define HAVE_UTIME_H 1
| #define HAVE_ELF_H 1
| #define HAVE_STRUCT_STAT_ST_BLKSIZE 1
| #define HAVE_STRUCT_STAT_ST_BLOCKS 1
| #define HAVE_ST_BLOCKS 1
| #define HAVE_STRUCT_STAT_ST_RDEV 1
| #define HAVE_UNISTD_H 1
| #define HAVE_CHOWN 1
| #define LSTAT_FOLLOWS_SLASHED_SYMLINK 1
| #define HAVE_STDLIB_H 1
| #define HAVE_MALLOC 1
| #define HAVE_STDLIB_H 1
| #define HAVE_UNISTD_H 1
| #define HAVE_SYS_PARAM_H 1
| #define HAVE_GETPAGESIZE 1
| #define HAVE_MMAP 1
| #define HAVE_STDLIB_H 1
| #define HAVE_REALLOC 1
| #define HAVE_ALARM 1
| #define HAVE_BZERO 1
| #define HAVE_FTRUNCATE 1
| #define HAVE_GETCWD 1
| #define HAVE_GETTIMEOFDAY 1
| #define HAVE_MEMSET 1
| #define HAVE_MKDIR 1
| #define HAVE_MUNMAP 1
| #define HAVE_SELECT 1
| #define HAVE_SOCKET 1
| #define HAVE_STRCASECMP 1
| #define HAVE_STRCHR 1
| #define HAVE_STRDUP 1
| #define HAVE_STRNCASECMP 1
| #define HAVE_STRTOL 1
| #define HAVE_UTIME 1
| /* end confdefs.h.  */
| #include <ac_nonexistent.h>
configure:13719: result: g++ -E
configure:13739: g++ -E  conftest.cpp
configure:13739: $? = 0
configure:13753: g++ -E  conftest.cpp
conftest.cpp:69:28: fatal error: ac_nonexistent.h: No such file or directory
 #include <ac_nonexistent.h>
                            ^
compilation terminated.
configure:13753: $? = 1
configure: failed program was:
| /* confdefs.h */
| #define PACKAGE_NAME "multi2sim"
| #define PACKAGE_TARNAME "multi2sim"
| #define PACKAGE_VERSION "5.0"
| #define PACKAGE_STRING "multi2sim 5.0"
| #define PACKAGE_BUGREPORT ""
| #define PACKAGE_URL ""
| #define PACKAGE "multi2sim"
| #define VERSION "5.0"
| #define STDC_HEADERS 1
| #define HAVE_SYS_TYPES_H 1
| #define HAVE_SYS_STAT_H 1
| #define HAVE_STDLIB_H 1
| #define HAVE_STRING_H 1
| #define HAVE_MEMORY_H 1
| #define HAVE_STRINGS_H 1
| #define HAVE_INTTYPES_H 1
| #define HAVE_STDINT_H 1
| #define HAVE_UNISTD_H 1
| #define HAVE_DLFCN_H 1
| #define LT_OBJDIR ".libs/"
| #define STDC_HEADERS 1
| #define HAVE_SYS_WAIT_H 1
| #define HAVE_FCNTL_H 1
| #define HAVE_FLOAT_H 1
| #define HAVE_STDDEF_H 1
| #define HAVE_STDINT_H 1
| #define HAVE_STDLIB_H 1
| #define HAVE_STRING_H 1
| #define HAVE_SYS_IOCTL_H 1
| #define HAVE_SYS_SOCKET_H 1
| #define HAVE_SYS_TIME_H 1
| #define HAVE_UNISTD_H 1
| #define HAVE_UTIME_H 1
| #define HAVE_ELF_H 1
| #define HAVE_STRUCT_STAT_ST_BLKSIZE 1
| #define HAVE_STRUCT_STAT_ST_BLOCKS 1
| #define HAVE_ST_BLOCKS 1
| #define HAVE_STRUCT_STAT_ST_RDEV 1
| #define HAVE_UNISTD_H 1
| #define HAVE_CHOWN 1
| #define LSTAT_FOLLOWS_SLASHED_SYMLINK 1
| #define HAVE_STDLIB_H 1
| #define HAVE_MALLOC 1
| #define HAVE_STDLIB_H 1
| #define HAVE_UNISTD_H 1
| #define HAVE_SYS_PARAM_H 1
| #define HAVE_GETPAGESIZE 1
| #define HAVE_MMAP 1
| #define HAVE_STDLIB_H 1
| #define HAVE_REALLOC 1
| #define HAVE_ALARM 1
| #define HAVE_BZERO 1
| #define HAVE_FTRUNCATE 1
| #define HAVE_GETCWD 1
| #define HAVE_GETTIMEOFDAY 1
| #define HAVE_MEMSET 1
| #define HAVE_MKDIR 1
| #define HAVE_MUNMAP 1
| #define HAVE_SELECT 1
| #define HAVE_SOCKET 1
| #define HAVE_STRCASECMP 1
| #define HAVE_STRCHR 1
| #define HAVE_STRDUP 1
| #define HAVE_STRNCASECMP 1
| #define HAVE_STRTOL 1
| #define HAVE_UTIME 1
| /* end confdefs.h.  */
| #include <ac_nonexistent.h>
configure:13922: checking for ld used by g++
configure:13989: result: /usr/bin/ld -m elf_x86_64
configure:13996: checking if the linker (/usr/bin/ld -m elf_x86_64) is GNU ld
configure:14011: result: yes
configure:14066: checking whether the g++ linker (/usr/bin/ld -m elf_x86_64) supports shared libraries
configure:15068: result: yes
configure:15104: g++ -c -g -O2  conftest.cpp >&5
configure:15107: $? = 0
configure:15627: checking for g++ option to produce PIC
configure:15634: result: -fPIC -DPIC
configure:15642: checking if g++ PIC flag -fPIC -DPIC works
configure:15660: g++ -c -g -O2  -fPIC -DPIC -DPIC conftest.cpp >&5
configure:15664: $? = 0
configure:15677: result: yes
configure:15700: checking if g++ static flag -static works
configure:15728: result: yes
configure:15740: checking if g++ supports -c -o file.o
configure:15761: g++ -c -g -O2  -o out/conftest2.o conftest.cpp >&5
configure:15765: $? = 0
configure:15787: result: yes
configure:15792: checking if g++ supports -c -o file.o
configure:15839: result: yes
configure:15869: checking whether the g++ linker (/usr/bin/ld -m elf_x86_64) supports shared libraries
configure:15908: result: yes
configure:16049: checking dynamic linker characteristics
configure:16717: result: GNU/Linux ld.so
configure:16770: checking how to hardcode library paths into programs
configure:16795: result: immediate
configure:16857: checking for option -dumpversion
configure:16869: result: yes
configure:16873: checking for GCC version
configure:16876: result: 4.8
configure:17006: checking for sed
configure:17011: result: /bin/sed
configure:17029: checking math.h usability
configure:17029: gcc -c -msse2 -O3 -std=gnu99 -DNDEBUG  conftest.c >&5
configure:17029: $? = 0
configure:17029: result: yes
configure:17029: checking math.h presence
configure:17029: gcc -E  conftest.c
configure:17029: $? = 0
configure:17029: result: yes
configure:17029: checking for math.h
configure:17029: result: yes
configure:17037: checking for -lm
configure:17058: gcc -o conftest -msse2 -O3 -std=gnu99 -DNDEBUG   conftest.c -lm >&5
configure:17058: $? = 0
configure:17060: result: yes
configure:17088: checking pthread.h usability
configure:17088: gcc -c -msse2 -O3 -std=gnu99 -DNDEBUG  conftest.c >&5
configure:17088: $? = 0
configure:17088: result: yes
configure:17088: checking pthread.h presence
configure:17088: gcc -E  conftest.c
configure:17088: $? = 0
configure:17088: result: yes
configure:17088: checking for pthread.h
configure:17088: result: yes
configure:17096: checking for -lpthread
configure:17117: gcc -o conftest -msse2 -O3 -std=gnu99 -DNDEBUG   conftest.c -lpthread >&5
configure:17117: $? = 0
configure:17119: result: yes
configure:17148: checking zlib.h usability
configure:17148: gcc -c -msse2 -O3 -std=gnu99 -DNDEBUG  conftest.c >&5
configure:17148: $? = 0
configure:17148: result: yes
configure:17148: checking zlib.h presence
configure:17148: gcc -E  conftest.c
configure:17148: $? = 0
configure:17148: result: yes
configure:17148: checking for zlib.h
configure:17148: result: yes
configure:17156: checking for -lz
configure:17177: gcc -o conftest -msse2 -O3 -std=gnu99 -DNDEBUG   conftest.c -lz >&5
configure:17177: $? = 0
configure:17192: result: yes
configure:17214: checking for SSE4 instructions support
configure:17229: gcc -o conftest -msse2 -O3 -std=gnu99 -DNDEBUG   conftest.c  >&5
configure:17229: $? = 0
configure:17236: result: yes
configure:17266: checking for __sync_XXX built-in functions
configure:17287: gcc -o conftest -Wall -Werror   conftest.c  >&5
configure:17287: $? = 0
configure:17295: result: yes
configure:17322: checking for -m32 compiler flag
configure:17339: gcc -o conftest -m32   conftest.c  >&5
configure:17339: $? = 0
configure:17347: result: yes
configure:17458: checking for pkg-config
configure:17476: found /usr/bin/pkg-config
configure:17489: result: /usr/bin/pkg-config
configure:17511: checking for GTK+ - version >= 3.0.0
configure:17639: result: no
configure:17667: gcc -o conftest -msse2 -O3 -std=gnu99 -DNDEBUG    conftest.c   >&5
conftest.c:72:21: fatal error: gtk/gtk.h: No such file or directory
 #include <gtk/gtk.h>
                     ^
compilation terminated.
configure:17667: $? = 1
configure: failed program was:
| /* confdefs.h */
| #define PACKAGE_NAME "multi2sim"
| #define PACKAGE_TARNAME "multi2sim"
| #define PACKAGE_VERSION "5.0"
| #define PACKAGE_STRING "multi2sim 5.0"
| #define PACKAGE_BUGREPORT ""
| #define PACKAGE_URL ""
| #define PACKAGE "multi2sim"
| #define VERSION "5.0"
| #define STDC_HEADERS 1
| #define HAVE_SYS_TYPES_H 1
| #define HAVE_SYS_STAT_H 1
| #define HAVE_STDLIB_H 1
| #define HAVE_STRING_H 1
| #define HAVE_MEMORY_H 1
| #define HAVE_STRINGS_H 1
| #define HAVE_INTTYPES_H 1
| #define HAVE_STDINT_H 1
| #define HAVE_UNISTD_H 1
| #define HAVE_DLFCN_H 1
| #define LT_OBJDIR ".libs/"
| #define STDC_HEADERS 1
| #define HAVE_SYS_WAIT_H 1
| #define HAVE_FCNTL_H 1
| #define HAVE_FLOAT_H 1
| #define HAVE_STDDEF_H 1
| #define HAVE_STDINT_H 1
| #define HAVE_STDLIB_H 1
| #define HAVE_STRING_H 1
| #define HAVE_SYS_IOCTL_H 1
| #define HAVE_SYS_SOCKET_H 1
| #define HAVE_SYS_TIME_H 1
| #define HAVE_UNISTD_H 1
| #define HAVE_UTIME_H 1
| #define HAVE_ELF_H 1
| #define HAVE_STRUCT_STAT_ST_BLKSIZE 1
| #define HAVE_STRUCT_STAT_ST_BLOCKS 1
| #define HAVE_ST_BLOCKS 1
| #define HAVE_STRUCT_STAT_ST_RDEV 1
| #define HAVE_UNISTD_H 1
| #define HAVE_CHOWN 1
| #define LSTAT_FOLLOWS_SLASHED_SYMLINK 1
| #define HAVE_STDLIB_H 1
| #define HAVE_MALLOC 1
| #define HAVE_STDLIB_H 1
| #define HAVE_UNISTD_H 1
| #define HAVE_SYS_PARAM_H 1
| #define HAVE_GETPAGESIZE 1
| #define HAVE_MMAP 1
| #define HAVE_STDLIB_H 1
| #define HAVE_REALLOC 1
| #define HAVE_ALARM 1
| #define HAVE_BZERO 1
| #define HAVE_FTRUNCATE 1
| #define HAVE_GETCWD 1
| #define HAVE_GETTIMEOFDAY 1
| #define HAVE_MEMSET 1
| #define HAVE_MKDIR 1
| #define HAVE_MUNMAP 1
| #define HAVE_SELECT 1
| #define HAVE_SOCKET 1
| #define HAVE_STRCASECMP 1
| #define HAVE_STRCHR 1
| #define HAVE_STRDUP 1
| #define HAVE_STRNCASECMP 1
| #define HAVE_STRTOL 1
| #define HAVE_UTIME 1
| #define HAVE_SSE4 1
| #define HAVE_SYNC_BUILTINS 1
| /* end confdefs.h.  */
| 
| #include <gtk/gtk.h>
| #include <stdio.h>
| 
| int
| main ()
| {
|  return ((gtk_major_version) || (gtk_minor_version) || (gtk_micro_version));
|   ;
|   return 0;
| }
configure:17727: WARNING:

	Multi2Sim will be compiled without support for GTK graphical applications.
	Some features are disabled under this configuration, such as the GPU pipeline
	debugger. To enable it, please install the development packages for GTK on
	your system (e.g., package 'libgtk-3-dev' in Debian-based distributions),
	and run './configure' again.
	
configure:17951: checking that generated files are newer than configure
configure:17957: result: done
configure:18008: creating ./config.status

## ---------------------- ##
## Running config.status. ##
## ---------------------- ##

This file was extended by multi2sim config.status 5.0, which was
generated by GNU Autoconf 2.69.  Invocation command line was

  CONFIG_FILES    = 
  CONFIG_HEADERS  = 
  CONFIG_LINKS    = 
  CONFIG_COMMANDS = 
  $ ./config.status 

on csel-x5204-14

config.status:1147: creating Makefile
config.status:1147: creating runtime/Makefile
config.status:1147: creating runtime/cuda/Makefile
config.status:1147: creating runtime/hsa/Makefile
config.status:1147: creating runtime/opencl/Makefile
config.status:1147: creating runtime/include/Makefile
config.status:1147: creating src/Makefile
config.status:1147: creating src/arch/Makefile
config.status:1147: creating src/lib/Makefile
config.status:1147: creating src/memory/Makefile
config.status:1147: creating src/network/Makefile
config.status:1147: creating src/dram/Makefile
config.status:1147: creating src/visual/Makefile
config.status:1147: creating src/visual/common/Makefile
config.status:1147: creating src/visual/memory/Makefile
config.status:1147: creating src/visual/network/Makefile
config.status:1147: creating src/visual/evergreen/Makefile
config.status:1147: creating src/visual/southern-islands/Makefile
config.status:1147: creating src/visual/x86/Makefile
config.status:1147: creating src/arch/common/Makefile
config.status:1147: creating src/arch/arm/Makefile
config.status:1147: creating src/arch/arm/disassembler/Makefile
config.status:1147: creating src/arch/arm/emulator/Makefile
config.status:1147: creating src/arch/arm/timing/Makefile
config.status:1147: creating src/arch/hsa/Makefile
config.status:1147: creating src/arch/hsa/disassembler/Makefile
config.status:1147: creating src/arch/hsa/driver/Makefile
config.status:1147: creating src/arch/hsa/emulator/Makefile
config.status:1147: creating src/arch/kepler/Makefile
config.status:1147: creating src/arch/kepler/disassembler/Makefile
config.status:1147: creating src/arch/kepler/driver/Makefile
config.status:1147: creating src/arch/kepler/emulator/Makefile
config.status:1147: creating src/arch/mips/Makefile
config.status:1147: creating src/arch/mips/disassembler/Makefile
config.status:1147: creating src/arch/mips/emulator/Makefile
config.status:1147: creating src/arch/mips/timing/Makefile
config.status:1147: creating src/arch/southern-islands/Makefile
config.status:1147: creating src/arch/southern-islands/disassembler/Makefile
config.status:1147: creating src/arch/southern-islands/driver/Makefile
config.status:1147: creating src/arch/southern-islands/emulator/Makefile
config.status:1147: creating src/arch/southern-islands/timing/Makefile
config.status:1147: creating src/arch/x86/Makefile
config.status:1147: creating src/arch/x86/disassembler/Makefile
config.status:1147: creating src/arch/x86/emulator/Makefile
config.status:1147: creating src/arch/x86/timing/Makefile
config.status:1147: creating src/lib/cpp/Makefile
config.status:1147: creating src/lib/esim/Makefile
config.status:1147: creating src/lib/gtest/Makefile
config.status:1147: creating src/lib/mhandle/Makefile
config.status:1147: creating src/lib/util/Makefile
config.status:1147: creating tests/Makefile
config.status:1319: executing depfiles commands
config.status:1319: executing libtool commands

## ---------------- ##
## Cache variables. ##
## ---------------- ##

ac_cv_build=x86_64-unknown-linux-gnu
ac_cv_c_compiler_gnu=yes
ac_cv_cxx_compiler_gnu=yes
ac_cv_env_CCASFLAGS_set=
ac_cv_env_CCASFLAGS_value=
ac_cv_env_CCAS_set=
ac_cv_env_CCAS_value=
ac_cv_env_CCC_set=
ac_cv_env_CCC_value=
ac_cv_env_CC_set=
ac_cv_env_CC_value=
ac_cv_env_CFLAGS_set=
ac_cv_env_CFLAGS_value=
ac_cv_env_CPPFLAGS_set=
ac_cv_env_CPPFLAGS_value=
ac_cv_env_CPP_set=
ac_cv_env_CPP_value=
ac_cv_env_CXXCPP_set=
ac_cv_env_CXXCPP_value=
ac_cv_env_CXXFLAGS_set=
ac_cv_env_CXXFLAGS_value=
ac_cv_env_CXX_set=
ac_cv_env_CXX_value=
ac_cv_env_LDFLAGS_set=
ac_cv_env_LDFLAGS_value=
ac_cv_env_LIBS_set=
ac_cv_env_LIBS_value=
ac_cv_env_build_alias_set=
ac_cv_env_build_alias_value=
ac_cv_env_host_alias_set=
ac_cv_env_host_alias_value=
ac_cv_env_target_alias_set=
ac_cv_env_target_alias_value=
ac_cv_func_alarm=yes
ac_cv_func_bzero=yes
ac_cv_func_chown_works=yes
ac_cv_func_ftruncate=yes
ac_cv_func_getcwd=yes
ac_cv_func_getpagesize=yes
ac_cv_func_gettimeofday=yes
ac_cv_func_lstat_dereferences_slashed_symlink=yes
ac_cv_func_malloc_0_nonnull=yes
ac_cv_func_memset=yes
ac_cv_func_mkdir=yes
ac_cv_func_mmap_fixed_mapped=yes
ac_cv_func_munmap=yes
ac_cv_func_realloc_0_nonnull=yes
ac_cv_func_select=yes
ac_cv_func_socket=yes
ac_cv_func_strcasecmp=yes
ac_cv_func_strchr=yes
ac_cv_func_strdup=yes
ac_cv_func_strncasecmp=yes
ac_cv_func_strtol=yes
ac_cv_func_utime=yes
ac_cv_header_dlfcn_h=yes
ac_cv_header_elf_h=yes
ac_cv_header_fcntl_h=yes
ac_cv_header_float_h=yes
ac_cv_header_inttypes_h=yes
ac_cv_header_math_h=yes
ac_cv_header_memory_h=yes
ac_cv_header_pthread_h=yes
ac_cv_header_stdc=yes
ac_cv_header_stddef_h=yes
ac_cv_header_stdint_h=yes
ac_cv_header_stdlib_h=yes
ac_cv_header_string_h=yes
ac_cv_header_strings_h=yes
ac_cv_header_sys_ioctl_h=yes
ac_cv_header_sys_param_h=yes
ac_cv_header_sys_socket_h=yes
ac_cv_header_sys_stat_h=yes
ac_cv_header_sys_time_h=yes
ac_cv_header_sys_types_h=yes
ac_cv_header_sys_wait_h=yes
ac_cv_header_unistd_h=yes
ac_cv_header_utime_h=yes
ac_cv_header_zlib_h=yes
ac_cv_host=x86_64-unknown-linux-gnu
ac_cv_lib_error_at_line=yes
ac_cv_member_struct_stat_st_blksize=yes
ac_cv_member_struct_stat_st_blocks=yes
ac_cv_member_struct_stat_st_rdev=yes
ac_cv_objext=o
ac_cv_path_EGREP='/bin/grep -E'
ac_cv_path_FGREP='/bin/grep -F'
ac_cv_path_GREP=/bin/grep
ac_cv_path_PKG_CONFIG=/usr/bin/pkg-config
ac_cv_path_SED=/bin/sed
ac_cv_path_install='/usr/bin/install -c'
ac_cv_path_mkdir=/bin/mkdir
ac_cv_prog_AWK=gawk
ac_cv_prog_CPP='gcc -E'
ac_cv_prog_CXXCPP='g++ -E'
ac_cv_prog_ac_ct_AR=ar
ac_cv_prog_ac_ct_CC=gcc
ac_cv_prog_ac_ct_CXX=g++
ac_cv_prog_ac_ct_MANIFEST_TOOL=mt
ac_cv_prog_ac_ct_OBJDUMP=objdump
ac_cv_prog_ac_ct_RANLIB=ranlib
ac_cv_prog_ac_ct_STRIP=strip
ac_cv_prog_cc_c89=
ac_cv_prog_cc_g=yes
ac_cv_prog_cxx_g=yes
ac_cv_prog_make_make_set=yes
ac_cv_type_off_t=yes
ac_cv_type_size_t=yes
ac_cv_type_uid_t=yes
am_cv_CCAS_dependencies_compiler_type=gcc3
am_cv_CC_dependencies_compiler_type=gcc3
am_cv_CXX_dependencies_compiler_type=gcc3
am_cv_make_support_nested_variables=yes
am_cv_prog_cc_c_o=yes
lt_cv_ar_at_file=@
lt_cv_archive_cmds_need_lc=no
lt_cv_deplibs_check_method=pass_all
lt_cv_file_magic_cmd='$MAGIC_CMD'
lt_cv_file_magic_test_file=
lt_cv_ld_reload_flag=-r
lt_cv_nm_interface='BSD nm'
lt_cv_objdir=.libs
lt_cv_path_LD=/usr/bin/ld
lt_cv_path_LDCXX='/usr/bin/ld -m elf_x86_64'
lt_cv_path_NM='/usr/bin/nm -B'
lt_cv_path_mainfest_tool=no
lt_cv_prog_compiler_c_o=yes
lt_cv_prog_compiler_c_o_CXX=yes
lt_cv_prog_compiler_pic='-fPIC -DPIC'
lt_cv_prog_compiler_pic_CXX='-fPIC -DPIC'
lt_cv_prog_compiler_pic_works=yes
lt_cv_prog_compiler_pic_works_CXX=yes
lt_cv_prog_compiler_rtti_exceptions=no
lt_cv_prog_compiler_static_works=yes
lt_cv_prog_compiler_static_works_CXX=yes
lt_cv_prog_gnu_ld=yes
lt_cv_prog_gnu_ldcxx=yes
lt_cv_sharedlib_from_linklib_cmd='printf %s\n'
lt_cv_shlibpath_overrides_runpath=no
lt_cv_sys_global_symbol_pipe='sed -n -e '\''s/^.*[	 ]\([ABCDGIRSTW][ABCDGIRSTW]*\)[	 ][	 ]*\([_A-Za-z][_A-Za-z0-9]*\)$/\1 \2 \2/p'\'' | sed '\''/ __gnu_lto/d'\'''
lt_cv_sys_global_symbol_to_c_name_address='sed -n -e '\''s/^: \([^ ]*\)[ ]*$/  {\"\1\", (void *) 0},/p'\'' -e '\''s/^[ABCDGIRSTW]* \([^ ]*\) \([^ ]*\)$/  {"\2", (void *) \&\2},/p'\'''
lt_cv_sys_global_symbol_to_c_name_address_lib_prefix='sed -n -e '\''s/^: \([^ ]*\)[ ]*$/  {\"\1\", (void *) 0},/p'\'' -e '\''s/^[ABCDGIRSTW]* \([^ ]*\) \(lib[^ ]*\)$/  {"\2", (void *) \&\2},/p'\'' -e '\''s/^[ABCDGIRSTW]* \([^ ]*\) \([^ ]*\)$/  {"lib\2", (void *) \&\2},/p'\'''
lt_cv_sys_global_symbol_to_cdecl='sed -n -e '\''s/^T .* \(.*\)$/extern int \1();/p'\'' -e '\''s/^[ABCDGIRSTW]* .* \(.*\)$/extern char \1;/p'\'''
lt_cv_sys_max_cmd_len=1572864
lt_cv_to_host_file_cmd=func_convert_file_noop
lt_cv_to_tool_file_cmd=func_convert_file_noop

## ----------------- ##
## Output variables. ##
## ----------------- ##

ACLOCAL='${SHELL} /home/chen4393/Documents/SRRIP/multi2sim-5.0/missing aclocal-1.14'
AMDEPBACKSLASH='\'
AMDEP_FALSE='#'
AMDEP_TRUE=''
AMTAR='$${TAR-tar}'
AM_BACKSLASH='\'
AM_DEFAULT_V='$(AM_DEFAULT_VERBOSITY)'
AM_DEFAULT_VERBOSITY='0'
AM_V='$(V)'
AR='ar'
AUTOCONF='${SHELL} /home/chen4393/Documents/SRRIP/multi2sim-5.0/missing autoconf'
AUTOHEADER='${SHELL} /home/chen4393/Documents/SRRIP/multi2sim-5.0/missing autoheader'
AUTOMAKE='${SHELL} /home/chen4393/Documents/SRRIP/multi2sim-5.0/missing automake-1.14'
AWK='gawk'
CC='gcc'
CCAS='gcc'
CCASDEPMODE='depmode=gcc3'
CCASFLAGS='-g -O2'
CCDEPMODE='depmode=gcc3'
CFLAGS='-msse2 -O3 -std=gnu99 -DNDEBUG'
CPP='gcc -E'
CPPFLAGS=''
CXX='g++'
CXXCPP='g++ -E'
CXXDEPMODE='depmode=gcc3'
CXXFLAGS='-msse2 -std=gnu++0x -O3 -DNDEBUG'
CYGPATH_W='echo'
DATADIR='${prefix}/share'
DEFS='-DPACKAGE_NAME=\"multi2sim\" -DPACKAGE_TARNAME=\"multi2sim\" -DPACKAGE_VERSION=\"5.0\" -DPACKAGE_STRING=\"multi2sim\ 5.0\" -DPACKAGE_BUGREPORT=\"\" -DPACKAGE_URL=\"\" -DPACKAGE=\"multi2sim\" -DVERSION=\"5.0\" -DSTDC_HEADERS=1 -DHAVE_SYS_TYPES_H=1 -DHAVE_SYS_STAT_H=1 -DHAVE_STDLIB_H=1 -DHAVE_STRING_H=1 -DHAVE_MEMORY_H=1 -DHAVE_STRINGS_H=1 -DHAVE_INTTYPES_H=1 -DHAVE_STDINT_H=1 -DHAVE_UNISTD_H=1 -DHAVE_DLFCN_H=1 -DLT_OBJDIR=\".libs/\" -DSTDC_HEADERS=1 -DHAVE_SYS_WAIT_H=1 -DHAVE_FCNTL_H=1 -DHAVE_FLOAT_H=1 -DHAVE_STDDEF_H=1 -DHAVE_STDINT_H=1 -DHAVE_STDLIB_H=1 -DHAVE_STRING_H=1 -DHAVE_SYS_IOCTL_H=1 -DHAVE_SYS_SOCKET_H=1 -DHAVE_SYS_TIME_H=1 -DHAVE_UNISTD_H=1 -DHAVE_UTIME_H=1 -DHAVE_ELF_H=1 -DHAVE_STRUCT_STAT_ST_BLKSIZE=1 -DHAVE_STRUCT_STAT_ST_BLOCKS=1 -DHAVE_ST_BLOCKS=1 -DHAVE_STRUCT_STAT_ST_RDEV=1 -DHAVE_UNISTD_H=1 -DHAVE_CHOWN=1 -DLSTAT_FOLLOWS_SLASHED_SYMLINK=1 -DHAVE_STDLIB_H=1 -DHAVE_MALLOC=1 -DHAVE_STDLIB_H=1 -DHAVE_UNISTD_H=1 -DHAVE_SYS_PARAM_H=1 -DHAVE_GETPAGESIZE=1 -DHAVE_MMAP=1 -DHAVE_STDLIB_H=1 -DHAVE_REALLOC=1 -DHAVE_ALARM=1 -DHAVE_BZERO=1 -DHAVE_FTRUNCATE=1 -DHAVE_GETCWD=1 -DHAVE_GETTIMEOFDAY=1 -DHAVE_MEMSET=1 -DHAVE_MKDIR=1 -DHAVE_MUNMAP=1 -DHAVE_SELECT=1 -DHAVE_SOCKET=1 -DHAVE_STRCASECMP=1 -DHAVE_STRCHR=1 -DHAVE_STRDUP=1 -DHAVE_STRNCASECMP=1 -DHAVE_STRTOL=1 -DHAVE_UTIME=1 -DHAVE_SSE4=1 -DHAVE_SYNC_BUILTINS=1'
DEPDIR='.deps'
DLLTOOL='false'
DSYMUTIL=''
DUMPBIN=''
ECHO_C=''
ECHO_N='-n'
ECHO_T=''
EGREP='/bin/grep -E'
ENABLE_DEBUG=''
ENABLE_DEBUG_FALSE=''
ENABLE_DEBUG_TRUE='#'
EXEEXT=''
FGREP='/bin/grep -F'
GREP='/bin/grep'
GTEST_CPPFLAGS='-DGTEST_HAS_PTHREAD=1'
GTEST_CXXFLAGS=''
GTEST_LDFLAGS=''
GTEST_LIBS='-lpthread -pthread'
GTEST_VERSION='1.7.0'
GTK_CFLAGS=''
GTK_LIBS=''
HAVE_GTK_FALSE=''
HAVE_GTK_TRUE='#'
HAVE_M32_FLAG_FALSE='#'
HAVE_M32_FLAG_TRUE=''
HAVE_SYNC_BUILTINS_FALSE='#'
HAVE_SYNC_BUILTINS_TRUE=''
INSTALL_DATA='${INSTALL} -m 644'
INSTALL_PROGRAM='${INSTALL}'
INSTALL_SCRIPT='${INSTALL}'
INSTALL_STRIP_PROGRAM='$(install_sh) -c -s'
LD='/usr/bin/ld -m elf_x86_64'
LDFLAGS=''
LIBOBJS=''
LIBS=''
LIBTOOL='$(SHELL) $(top_builddir)/libtool'
LIPO=''
LN_S='ln -s'
LTLIBOBJS=''
M2S_INCLUDES=' -I$(top_srcdir) -I$(top_srcdir)/src '
MAKEINFO='${SHELL} /home/chen4393/Documents/SRRIP/multi2sim-5.0/missing makeinfo'
MANIFEST_TOOL=':'
MKDIR_P='/bin/mkdir -p'
NM='/usr/bin/nm -B'
NMEDIT=''
OBJDUMP='objdump'
OBJEXT='o'
OTOOL64=''
OTOOL=''
PACKAGE='multi2sim'
PACKAGE_BUGREPORT=''
PACKAGE_NAME='multi2sim'
PACKAGE_STRING='multi2sim 5.0'
PACKAGE_TARNAME='multi2sim'
PACKAGE_URL=''
PACKAGE_VERSION='5.0'
PATH_SEPARATOR=':'
PKGDATADIR='${datarootdir}/multi2sim'
PKG_CONFIG='/usr/bin/pkg-config'
RANLIB='ranlib'
SED='/bin/sed'
SET_MAKE=''
SHELL='/bin/sh'
STRIP='strip'
VERSION='5.0'
ac_ct_AR='ar'
ac_ct_CC='gcc'
ac_ct_CXX='g++'
ac_ct_DUMPBIN=''
am__EXEEXT_FALSE=''
am__EXEEXT_TRUE='#'
am__fastdepCCAS_FALSE='#'
am__fastdepCCAS_TRUE=''
am__fastdepCC_FALSE='#'
am__fastdepCC_TRUE=''
am__fastdepCXX_FALSE='#'
am__fastdepCXX_TRUE=''
am__include='include'
am__isrc=''
am__leading_dot='.'
am__nodep='_no'
am__quote=''
am__tar='$${TAR-tar} chof - "$$tardir"'
am__untar='$${TAR-tar} xf -'
bindir='${exec_prefix}/bin'
build='x86_64-unknown-linux-gnu'
build_alias=''
build_cpu='x86_64'
build_os='linux-gnu'
build_vendor='unknown'
datadir='${datarootdir}'
datarootdir='${prefix}/share'
docdir='${datarootdir}/doc/${PACKAGE_TARNAME}'
dvidir='${docdir}'
exec_prefix='${prefix}'
host='x86_64-unknown-linux-gnu'
host_alias=''
host_cpu='x86_64'
host_os='linux-gnu'
host_vendor='unknown'
htmldir='${docdir}'
includedir='${prefix}/include'
infodir='${datarootdir}/info'
install_sh='${SHELL} /home/chen4393/Documents/SRRIP/multi2sim-5.0/install-sh'
libdir='${exec_prefix}/lib'
libexecdir='${exec_prefix}/libexec'
localedir='${datarootdir}/locale'
localstatedir='${prefix}/var'
mandir='${datarootdir}/man'
mkdir_p='$(MKDIR_P)'
oldincludedir='/usr/include'
pdfdir='${docdir}'
prefix='/usr/local'
program_transform_name='s,x,x,'
psdir='${docdir}'
sbindir='${exec_prefix}/sbin'
sharedstatedir='${prefix}/com'
sysconfdir='${prefix}/etc'
target_alias=''

## ----------- ##
## confdefs.h. ##
## ----------- ##

/* confdefs.h */
#define PACKAGE_NAME "multi2sim"
#define PACKAGE_TARNAME "multi2sim"
#define PACKAGE_VERSION "5.0"
#define PACKAGE_STRING "multi2sim 5.0"
#define PACKAGE_BUGREPORT ""
#define PACKAGE_URL ""
#define PACKAGE "multi2sim"
#define VERSION "5.0"
#define STDC_HEADERS 1
#define HAVE_SYS_TYPES_H 1
#define HAVE_SYS_STAT_H 1
#define HAVE_STDLIB_H 1
#define HAVE_STRING_H 1
#define HAVE_MEMORY_H 1
#define HAVE_STRINGS_H 1
#define HAVE_INTTYPES_H 1
#define HAVE_STDINT_H 1
#define HAVE_UNISTD_H 1
#define HAVE_DLFCN_H 1
#define LT_OBJDIR ".libs/"
#define STDC_HEADERS 1
#define HAVE_SYS_WAIT_H 1
#define HAVE_FCNTL_H 1
#define HAVE_FLOAT_H 1
#define HAVE_STDDEF_H 1
#define HAVE_STDINT_H 1
#define HAVE_STDLIB_H 1
#define HAVE_STRING_H 1
#define HAVE_SYS_IOCTL_H 1
#define HAVE_SYS_SOCKET_H 1
#define HAVE_SYS_TIME_H 1
#define HAVE_UNISTD_H 1
#define HAVE_UTIME_H 1
#define HAVE_ELF_H 1
#define HAVE_STRUCT_STAT_ST_BLKSIZE 1
#define HAVE_STRUCT_STAT_ST_BLOCKS 1
#define HAVE_ST_BLOCKS 1
#define HAVE_STRUCT_STAT_ST_RDEV 1
#define HAVE_UNISTD_H 1
#define HAVE_CHOWN 1
#define LSTAT_FOLLOWS_SLASHED_SYMLINK 1
#define HAVE_STDLIB_H 1
#define HAVE_MALLOC 1
#define HAVE_STDLIB_H 1
#define HAVE_UNISTD_H 1
#define HAVE_SYS_PARAM_H 1
#define HAVE_GETPAGESIZE 1
#define HAVE_MMAP 1
#define HAVE_STDLIB_H 1
#define HAVE_REALLOC 1
#define HAVE_ALARM 1
#define HAVE_BZERO 1
#define HAVE_FTRUNCATE 1
#define HAVE_GETCWD 1
#define HAVE_GETTIMEOFDAY 1
#define HAVE_MEMSET 1
#define HAVE_MKDIR 1
#define HAVE_MUNMAP 1
#define HAVE_SELECT 1
#define HAVE_SOCKET 1
#define HAVE_STRCASECMP 1
#define HAVE_STRCHR 1
#define HAVE_STRDUP 1
#define HAVE_STRNCASECMP 1
#define HAVE_STRTOL 1
#define HAVE_UTIME 1
#define HAVE_SSE4 1
#define HAVE_SYNC_BUILTINS 1

configure: exit 0
